<?xml version="1.0" encoding="UTF-8"?>
<testng-results skipped="0" failed="0" total="1" passed="1">
  <reporter-output>
  </reporter-output>
  <suite name="Default suite" duration-ms="4540" started-at="2017-11-06T19:18:22Z" finished-at="2017-11-06T19:18:27Z">
    <groups>
    </groups>
    <test name="Default test" duration-ms="4540" started-at="2017-11-06T19:18:22Z" finished-at="2017-11-06T19:18:27Z">
      <class name="samplepageobj.test.SignUpFormTest">
        <test-method status="PASS" signature="setUp()[pri:0, instance:samplepageobj.test.SignUpFormTest@23ceabc1]" name="setUp" is-config="true" duration-ms="3202" started-at="2017-11-06T14:18:22Z" finished-at="2017-11-06T14:18:25Z">
          <reporter-output>
          </reporter-output>
        </test-method> <!-- setUp -->
        <test-method status="PASS" signature="signUp()[pri:0, instance:samplepageobj.test.SignUpFormTest@23ceabc1]" name="signUp" duration-ms="1238" started-at="2017-11-06T14:18:25Z" finished-at="2017-11-06T14:18:26Z">
          <reporter-output>
          </reporter-output>
        </test-method> <!-- signUp -->
        <test-method status="PASS" signature="tearDown()[pri:0, instance:samplepageobj.test.SignUpFormTest@23ceabc1]" name="tearDown" is-config="true" duration-ms="90" started-at="2017-11-06T14:18:26Z" finished-at="2017-11-06T14:18:27Z">
          <reporter-output>
          </reporter-output>
        </test-method> <!-- tearDown -->
      </class> <!-- samplepageobj.test.SignUpFormTest -->
    </test> <!-- Default test -->
  </suite> <!-- Default suite -->
</testng-results>
